<?xml version="1.0" ?>
<testsuite skipped="0" tests="1" failures="0" errors="0" name="org.jerkar.examples.capitalizer.CapitalizerTest" time="0.021">
  <properties>
    <property value="Java(TM) SE Runtime Environment" name="java.runtime.name"/>
    <property value="/Library/Java/JavaVirtualMachines/jdk1.8.0_211.jdk/Contents/Home/jre/lib" name="sun.boot.library.path"/>
    <property value="25.211-b12" name="java.vm.version"/>
    <property value="false" name="gopherProxySet"/>
    <property value="Oracle Corporation" name="java.vm.vendor"/>
    <property value="http://java.oracle.com/" name="java.vendor.url"/>
    <property value=":" name="path.separator"/>
    <property value="Java HotSpot(TM) 64-Bit Server VM" name="java.vm.name"/>
    <property value="sun.io" name="file.encoding.pkg"/>
    <property value="BE" name="user.country"/>
    <property value="SUN_STANDARD" name="sun.java.launcher"/>
    <property value="unknown" name="sun.os.patch.level"/>
    <property value="Java Virtual Machine Specification" name="java.vm.specification.name"/>
    <property value="/Users/jerome/IdeaProjects/jeka-examples/java-task-based" name="user.dir"/>
    <property value="1.8.0_211-b12" name="java.runtime.version"/>
    <property value="sun.awt.CGraphicsEnvironment" name="java.awt.graphicsenv"/>
    <property value="/Library/Java/JavaVirtualMachines/jdk1.8.0_211.jdk/Contents/Home/jre/lib/endorsed" name="java.endorsed.dirs"/>
    <property value="x86_64" name="os.arch"/>
    <property value="/var/folders/ld/xq1qbfv928z7r1qq587rtn9c0000gn/T/" name="java.io.tmpdir"/>
    <property value="
" name="line.separator"/>
    <property value="Oracle Corporation" name="java.vm.specification.vendor"/>
    <property value="Mac OS X" name="os.name"/>
    <property value="UTF-8" name="sun.jnu.encoding"/>
    <property value="/Users/jerome/Library/Java/Extensions:/Library/Java/Extensions:/Network/Library/Java/Extensions:/System/Library/Java/Extensions:/usr/lib/java:." name="java.library.path"/>
    <property value="Java Platform API Specification" name="java.specification.name"/>
    <property value="52.0" name="java.class.version"/>
    <property value="HotSpot 64-Bit Tiered Compilers" name="sun.management.compiler"/>
    <property value="10.14.6" name="os.version"/>
    <property value="local|*.local|169.254/16|*.169.254/16" name="http.nonProxyHosts"/>
    <property value="/Users/jerome" name="user.home"/>
    <property value="Europe/Brussels" name="user.timezone"/>
    <property value="sun.lwawt.macosx.CPrinterJob" name="java.awt.printerjob"/>
    <property value="UTF-8" name="file.encoding"/>
    <property value="1.8" name="java.specification.version"/>
    <property value="jerome" name="user.name"/>
    <property value="/Library/Java/JavaVirtualMachines/jdk1.8.0_211.jdk/Contents/Home/jre/lib/charsets.jar:/Library/Java/JavaVirtualMachines/jdk1.8.0_211.jdk/Contents/Home/jre/lib/deploy.jar:/Library/Java/JavaVirtualMachines/jdk1.8.0_211.jdk/Contents/Home/jre/lib/ext/cldrdata.jar:/Library/Java/JavaVirtualMachines/jdk1.8.0_211.jdk/Contents/Home/jre/lib/ext/dnsns.jar:/Library/Java/JavaVirtualMachines/jdk1.8.0_211.jdk/Contents/Home/jre/lib/ext/jaccess.jar:/Library/Java/JavaVirtualMachines/jdk1.8.0_211.jdk/Contents/Home/jre/lib/ext/jfxrt.jar:/Library/Java/JavaVirtualMachines/jdk1.8.0_211.jdk/Contents/Home/jre/lib/ext/localedata.jar:/Library/Java/JavaVirtualMachines/jdk1.8.0_211.jdk/Contents/Home/jre/lib/ext/nashorn.jar:/Library/Java/JavaVirtualMachines/jdk1.8.0_211.jdk/Contents/Home/jre/lib/ext/sunec.jar:/Library/Java/JavaVirtualMachines/jdk1.8.0_211.jdk/Contents/Home/jre/lib/ext/sunjce_provider.jar:/Library/Java/JavaVirtualMachines/jdk1.8.0_211.jdk/Contents/Home/jre/lib/ext/sunpkcs11.jar:/Library/Java/JavaVirtualMachines/jdk1.8.0_211.jdk/Contents/Home/jre/lib/ext/zipfs.jar:/Library/Java/JavaVirtualMachines/jdk1.8.0_211.jdk/Contents/Home/jre/lib/javaws.jar:/Library/Java/JavaVirtualMachines/jdk1.8.0_211.jdk/Contents/Home/jre/lib/jce.jar:/Library/Java/JavaVirtualMachines/jdk1.8.0_211.jdk/Contents/Home/jre/lib/jfr.jar:/Library/Java/JavaVirtualMachines/jdk1.8.0_211.jdk/Contents/Home/jre/lib/jfxswt.jar:/Library/Java/JavaVirtualMachines/jdk1.8.0_211.jdk/Contents/Home/jre/lib/jsse.jar:/Library/Java/JavaVirtualMachines/jdk1.8.0_211.jdk/Contents/Home/jre/lib/management-agent.jar:/Library/Java/JavaVirtualMachines/jdk1.8.0_211.jdk/Contents/Home/jre/lib/plugin.jar:/Library/Java/JavaVirtualMachines/jdk1.8.0_211.jdk/Contents/Home/jre/lib/resources.jar:/Library/Java/JavaVirtualMachines/jdk1.8.0_211.jdk/Contents/Home/jre/lib/rt.jar:/Library/Java/JavaVirtualMachines/jdk1.8.0_211.jdk/Contents/Home/lib/ant-javafx.jar:/Library/Java/JavaVirtualMachines/jdk1.8.0_211.jdk/Contents/Home/lib/dt.jar:/Library/Java/JavaVirtualMachines/jdk1.8.0_211.jdk/Contents/Home/lib/javafx-mx.jar:/Library/Java/JavaVirtualMachines/jdk1.8.0_211.jdk/Contents/Home/lib/jconsole.jar:/Library/Java/JavaVirtualMachines/jdk1.8.0_211.jdk/Contents/Home/lib/packager.jar:/Library/Java/JavaVirtualMachines/jdk1.8.0_211.jdk/Contents/Home/lib/sa-jdi.jar:/Library/Java/JavaVirtualMachines/jdk1.8.0_211.jdk/Contents/Home/lib/tools.jar:/Users/jerome/IdeaProjects/jeka-examples/java-task-based/.idea/output/test:/Users/jerome/IdeaProjects/jeka-examples/java-task-based/.idea/output/production:/Users/jerome/.jeka/cache/repo/com.google.guava/guava/bundles/guava-21.0.jar:/Users/jerome/.jeka/cache/repo/junit/junit/jars/junit-4.11.jar:/Users/jerome/.jeka/cache/repo/org.hamcrest/hamcrest-core/jars/hamcrest-core-1.3.jar:/Users/jerome/.jeka/cache/wrapper/0.8.9.RELEASE/dev.jeka.jeka-core.jar:/Users/jerome/.gradle/caches/modules-2/files-2.1/com.jetbrains.intellij.idea/ideaIC/2019.3.1/52292e4f8a0ccb3ceb08bd81fd57b88923ac8e99/ideaIC-2019.3.1/lib/idea_rt.jar" name="java.class.path"/>
    <property value="1.8" name="java.vm.specification.version"/>
    <property value="64" name="sun.arch.data.model"/>
    <property value="/Library/Java/JavaVirtualMachines/jdk1.8.0_211.jdk/Contents/Home/jre" name="java.home"/>
    <property value="dev.jeka.core.tool.Main -CC=Tasks doDefault" name="sun.java.command"/>
    <property value="Oracle Corporation" name="java.specification.vendor"/>
    <property value="fr" name="user.language"/>
    <property value="sun.lwawt.macosx.LWCToolkit" name="awt.toolkit"/>
    <property value="mixed mode" name="java.vm.info"/>
    <property value="1.8.0_211" name="java.version"/>
    <property value="/Users/jerome/Library/Java/Extensions:/Library/Java/JavaVirtualMachines/jdk1.8.0_211.jdk/Contents/Home/jre/lib/ext:/Library/Java/Extensions:/Network/Library/Java/Extensions:/System/Library/Java/Extensions:/usr/lib/java" name="java.ext.dirs"/>
    <property value="/Library/Java/JavaVirtualMachines/jdk1.8.0_211.jdk/Contents/Home/jre/lib/resources.jar:/Library/Java/JavaVirtualMachines/jdk1.8.0_211.jdk/Contents/Home/jre/lib/rt.jar:/Library/Java/JavaVirtualMachines/jdk1.8.0_211.jdk/Contents/Home/jre/lib/sunrsasign.jar:/Library/Java/JavaVirtualMachines/jdk1.8.0_211.jdk/Contents/Home/jre/lib/jsse.jar:/Library/Java/JavaVirtualMachines/jdk1.8.0_211.jdk/Contents/Home/jre/lib/jce.jar:/Library/Java/JavaVirtualMachines/jdk1.8.0_211.jdk/Contents/Home/jre/lib/charsets.jar:/Library/Java/JavaVirtualMachines/jdk1.8.0_211.jdk/Contents/Home/jre/lib/jfr.jar:/Library/Java/JavaVirtualMachines/jdk1.8.0_211.jdk/Contents/Home/jre/classes" name="sun.boot.class.path"/>
    <property value="Oracle Corporation" name="java.vendor"/>
    <property value="/" name="file.separator"/>
    <property value="http://bugreport.sun.com/bugreport/" name="java.vendor.url.bug"/>
    <property value="little" name="sun.cpu.endian"/>
    <property value="UnicodeBig" name="sun.io.unicode.encoding"/>
    <property value="local|*.local|169.254/16|*.169.254/16" name="socksNonProxyHosts"/>
    <property value="local|*.local|169.254/16|*.169.254/16" name="ftp.nonProxyHosts"/>
    <property value="" name="sun.cpu.isalist"/>
  </properties>
  <testcase classname="org.jerkar.examples.capitalizer.CapitalizerTest" name="test" time="0.02">
  </testcase></testsuite>